#
# A fatal error has been detected by the Java Runtime Environment:
#
#  SIGSEGV (0xb) at pc=0x000000010f88748c, pid=1946, tid=0x0000000000004203
#
# JRE version: OpenJDK Runtime Environment (8.0_112-b05) (build 1.8.0_112-release-b05)
# Java VM: OpenJDK 64-Bit Server VM (25.112-b05 mixed mode bsd-amd64 compressed oops)
# Problematic frame:
# V  [libjvm.dylib+0x48748c]
#
# Failed to write core dump. Core dumps have been disabled. To enable core dumping, try "ulimit -c unlimited" before starting Java again
#
# If you would like to submit a bug report, please visit:
#   http://bugreport.java.com/bugreport/crash.jsp
#

---------------  T H R E A D  ---------------

Current thread (0x00007f844a02d000):  JavaThread "C2 CompilerThread0" daemon [_thread_in_native, id=16899, stack(0x0000700008002000,0x0000700008102000)]

siginfo: si_signo: 11 (SIGSEGV), si_code: 1 (SEGV_MAPERR), si_addr: 0x00007f857dcb0c70

Registers:
RAX=0x000000004c2dc598, RBX=0x00007000080ff4f0, RCX=0x00007f844d13f610, RDX=0x00007f844ac79a50
RSP=0x00007000080fe690, RBP=0x00007000080fe720, RSI=0x00007f844bd3f680, RDI=0x00007000080ff4f0
R8 =0x00007000080fe6a0, R9 =0x0000000000000007, R10=0xffffffffffffffff, R11=0x0000000000000202
R12=0x00007f844b309d68, R13=0x0000000000000002, R14=0x00007f844ac1c2b0, R15=0x000000000000000c
RIP=0x000000010f88748c, EFLAGS=0x0000000000010297, ERR=0x0000000000000004
  TRAPNO=0x000000000000000e

Top of Stack: (sp=0x00007000080fe690)
0x00007000080fe690:   0000000000000000 00000000000001bd
0x00007000080fe6a0:   000000e2000000e2 0000000000000000
0x00007000080fe6b0:   0000008000000007 00007f844ac79a50
0x00007000080fe6c0:   00007f8449c19bc0 00007f844ac78a00
0x00007000080fe6d0:   00007f844ac79a50 00007f844ac809e8
0x00007000080fe6e0:   000000000018df28 0000000000000000
0x00007000080fe6f0:   0000000000000000 00007000080ff4f0
0x00007000080fe700:   00007000080fe740 0000700008100f88
0x00007000080fe710:   00007000080ff5d8 000000010fc87180
0x00007000080fe720:   00007000080fea30 000000010f55fb56
0x00007000080fe730:   00007000080fe760 000000010f4689c7
0x00007000080fe740:   00007f844a0d6ad0 00007f844a0d6ad0
0x00007000080fe750:   0000000000000006 0000000000000029
0x00007000080fe760:   00007000080fe860 000000010f788620
0x00007000080fe770:   0000000000000100 00007f844c384dc0
0x00007000080fe780:   00000007080ff620 0000000000000002
0x00007000080fe790:   00007f844c011bf8 0000000000000004
0x00007000080fe7a0:   00007f844c384f78 0000000000000000
0x00007000080fe7b0:   0000000000000000 0000000000000000
0x00007000080fe7c0:   0000000000000000 0000000000000000
0x00007000080fe7d0:   00007000080fe8e8 00007000080ff620
0x00007000080fe7e0:   00007f844c011be8 0000000040000000
0x00007000080fe7f0:   0000000000000000 0000000000000000
0x00007000080fe800:   000000010fc6f830 000000000000000d
0x00007000080fe810:   0000700008100f88 00007000080ff4f0
0x00007000080fe820:   000000000000000c 00007f844ca95d50
0x00007000080fe830:   00007000080fe890 000000010f4a445e
0x00007000080fe840:   000000010eaa5000 00007fffa2615ce7
0x00007000080fe850:   00007f844c384dc0 00007fffa269cf6a
0x00007000080fe860:   000000000004240a 000000000301dc00
0x00007000080fe870:   0000000000007fe8 00007f844c145c00
0x00007000080fe880:   0000000000000000 0000000000007fd8 

Instructions: (pc=0x000000010f88748c)
0x000000010f88746c:   89 c0 e8 c5 fc ff ff 41 01 c7 41 ff c5 45 3b 6c
0x000000010f88747c:   24 18 72 db 49 63 44 24 28 48 8b 8b 28 01 00 00
0x000000010f88748c:   8b 04 81 48 85 c0 74 32 48 6b c0 68 48 8b 4b 70
0x000000010f88749c:   48 8b 49 20 48 83 7c 01 18 ff 75 1e 48 63 44 01 

Register to memory mapping:

RAX=0x000000004c2dc598 is an unknown value
RBX=0x00007000080ff4f0 is pointing into the stack for thread: 0x00007f844a02d000
RCX=0x00007f844d13f610 is an unknown value
RDX=0x00007f844ac79a50 is an unknown value
RSP=0x00007000080fe690 is pointing into the stack for thread: 0x00007f844a02d000
RBP=0x00007000080fe720 is pointing into the stack for thread: 0x00007f844a02d000
RSI=0x00007f844bd3f680 is an unknown value
RDI=0x00007000080ff4f0 is pointing into the stack for thread: 0x00007f844a02d000
R8 =0x00007000080fe6a0 is pointing into the stack for thread: 0x00007f844a02d000
R9 =0x0000000000000007 is an unknown value
R10=0xffffffffffffffff is an unknown value
R11=0x0000000000000202 is an unknown value
R12=0x00007f844b309d68 is an unknown value
R13=0x0000000000000002 is an unknown value
R14=0x00007f844ac1c2b0 is an unknown value
R15=0x000000000000000c is an unknown value


Stack: [0x0000700008002000,0x0000700008102000],  sp=0x00007000080fe690,  free space=1009k
Native frames: (J=compiled Java code, j=interpreted, Vv=VM code, C=native code)
V  [libjvm.dylib+0x48748c]
V  [libjvm.dylib+0x15fb56]
V  [libjvm.dylib+0x1aa966]
V  [libjvm.dylib+0x1aeaec]
V  [libjvm.dylib+0x14f20a]
V  [libjvm.dylib+0x1b19fe]
V  [libjvm.dylib+0x1b3f45]
V  [libjvm.dylib+0x53912d]
V  [libjvm.dylib+0x53a7e4]
V  [libjvm.dylib+0x45bf0a]
C  [libsystem_pthread.dylib+0x3aab]  _pthread_body+0xb4
C  [libsystem_pthread.dylib+0x39f7]  _pthread_body+0x0
C  [libsystem_pthread.dylib+0x31fd]  thread_start+0xd
C  0x0000000000000000


Current CompileTask:
C2:  28989 1963       4       com.android.dx.ssa.SCCP::simulatePhiBlock (50 bytes)


---------------  P R O C E S S  ---------------

Java Threads: ( => current thread )
  0x00007f844a960000 JavaThread "pool-2-thread-4" [_thread_in_Java, id=21507, stack(0x000070000891d000,0x0000700008a1d000)]
  0x00007f844b83f800 JavaThread "pool-2-thread-3" [_thread_in_Java, id=20995, stack(0x000070000881a000,0x000070000891a000)]
  0x00007f844a84c800 JavaThread "pool-2-thread-2" [_thread_in_Java, id=20483, stack(0x0000700008717000,0x0000700008817000)]
  0x00007f844b04b000 JavaThread "pool-3-thread-1" [_thread_blocked, id=19971, stack(0x0000700008614000,0x0000700008714000)]
  0x00007f844a028000 JavaThread "pool-2-thread-1" [_thread_in_vm, id=19459, stack(0x0000700008511000,0x0000700008611000)]
  0x00007f844b80e800 JavaThread "Service Thread" daemon [_thread_blocked, id=18435, stack(0x000070000830b000,0x000070000840b000)]
  0x00007f844a83f000 JavaThread "C1 CompilerThread2" daemon [_thread_blocked, id=17923, stack(0x0000700008208000,0x0000700008308000)]
  0x00007f844a83e000 JavaThread "C2 CompilerThread1" daemon [_thread_in_native, id=17411, stack(0x0000700008105000,0x0000700008205000)]
=>0x00007f844a02d000 JavaThread "C2 CompilerThread0" daemon [_thread_in_native, id=16899, stack(0x0000700008002000,0x0000700008102000)]
  0x00007f844b031800 JavaThread "Signal Dispatcher" daemon [_thread_blocked, id=16387, stack(0x0000700007eff000,0x0000700007fff000)]
  0x00007f844b003000 JavaThread "Finalizer" daemon [_thread_blocked, id=12291, stack(0x0000700007d79000,0x0000700007e79000)]
  0x00007f844b805000 JavaThread "Reference Handler" daemon [_thread_blocked, id=11779, stack(0x0000700007c76000,0x0000700007d76000)]
  0x00007f844a802000 JavaThread "main" [_thread_in_Java, id=6915, stack(0x0000700007664000,0x0000700007764000)]

Other Threads:
  0x00007f844a00d000 VMThread [stack: 0x0000700007b73000,0x0000700007c73000] [id=11267]
  0x00007f844b03e000 WatcherThread [stack: 0x000070000840e000,0x000070000850e000] [id=18947]

VM state:not at safepoint (normal execution)

VM Mutex/Monitor currently owned by a thread: None

Heap:
 PSYoungGen      total 273408K, used 204716K [0x00000007aab00000, 0x00000007c0000000, 0x00000007c0000000)
  eden space 197632K, 65% used [0x00000007aab00000,0x00000007b28eca38,0x00000007b6c00000)
  from space 75776K, 99% used [0x00000007b6c00000,0x00000007bb5fe5f0,0x00000007bb600000)
  to   space 75776K, 0% used [0x00000007bb600000,0x00000007bb600000,0x00000007c0000000)
 ParOldGen       total 198144K, used 139944K [0x0000000780000000, 0x000000078c180000, 0x00000007aab00000)
  object space 198144K, 70% used [0x0000000780000000,0x00000007888aa268,0x000000078c180000)
 Metaspace       used 6143K, capacity 7088K, committed 7296K, reserved 1056768K
  class space    used 586K, capacity 616K, committed 640K, reserved 1048576K

Card table byte_map: [0x00000001102b6000,0x00000001104b7000] byte_map_base: 0x000000010c6b6000

Marking Bits: (ParMarkBitMap*) 0x000000010fc8bed0
 Begin Bits: [0x000000011060d000, 0x000000011160d000)
 End Bits:   [0x000000011160d000, 0x000000011260d000)

Polling page: 0x000000010eb48000

CodeCache: size=245760Kb used=7508Kb max_used=7545Kb free=238251Kb
 bounds [0x000000011ba68000, 0x000000011c1d8000, 0x000000012aa68000]
 total_blobs=2048 nmethods=1781 adapters=182
 compilation: enabled

Compilation events (10 events):
Event: 23.306 Thread 0x00007f844a02d000 nmethod 2039 0x000000011c196b90 code [0x000000011c196d40, 0x000000011c1974d8]
Event: 23.306 Thread 0x00007f844a02d000 1960       4       com.android.dx.ssa.SCCP::simulateBlock (54 bytes)
Event: 25.317 Thread 0x00007f844a02d000 nmethod 1960 0x000000011c1a6cd0 code [0x000000011c1a7220, 0x000000011c1abf00]
Event: 25.430 Thread 0x00007f844a02d000 2002       4       com.android.dx.ssa.back.SsaToRop$1::visitBlock (97 bytes)
Event: 26.177 Thread 0x00007f844a02d000 nmethod 2002 0x000000011c1a09d0 code [0x000000011c1a0c60, 0x000000011c1a24f8]
Event: 26.184 Thread 0x00007f844a02d000 1963       4       com.android.dx.ssa.SCCP::simulatePhiBlock (50 bytes)
Event: 26.524 Thread 0x00007f844a83e000 nmethod 2086 0x000000011c1bda10 code [0x000000011c1bf340, 0x000000011c1c7460]
Event: 26.524 Thread 0x00007f844a83e000 2140       4       com.android.dx.cf.code.BaseMachine::popArgs (62 bytes)
Event: 26.598 Thread 0x00007f844a83e000 nmethod 2140 0x000000011c198890 code [0x000000011c198a20, 0x000000011c198f18]
Event: 26.598 Thread 0x00007f844a83e000 2022       4       com.android.dx.rop.code.LocalVariableExtractor::processBlock (327 bytes)

GC Heap History (10 events):
Event: 7.482 GC heap before
{Heap before GC invocations=6 (full 0):
 PSYoungGen      total 71680K, used 71653K [0x00000007aab00000, 0x00000007b4b00000, 0x00000007c0000000)
  eden space 66560K, 100% used [0x00000007aab00000,0x00000007aec00000,0x00000007aec00000)
  from space 5120K, 99% used [0x00000007aec00000,0x00000007af0f96e8,0x00000007af100000)
  to   space 15360K, 0% used [0x00000007b3c00000,0x00000007b3c00000,0x00000007b4b00000)
 ParOldGen       total 87552K, used 25644K [0x0000000780000000, 0x0000000785580000, 0x00000007aab00000)
  object space 87552K, 29% used [0x0000000780000000,0x000000078190b368,0x0000000785580000)
 Metaspace       used 5964K, capacity 6960K, committed 7040K, reserved 1056768K
  class space    used 585K, capacity 616K, committed 640K, reserved 1048576K
Event: 7.529 GC heap after
Heap after GC invocations=6 (full 0):
 PSYoungGen      total 145920K, used 15332K [0x00000007aab00000, 0x00000007b5000000, 0x00000007c0000000)
  eden space 130560K, 0% used [0x00000007aab00000,0x00000007aab00000,0x00000007b2a80000)
  from space 15360K, 99% used [0x00000007b3c00000,0x00000007b4af9030,0x00000007b4b00000)
  to   space 17920K, 0% used [0x00000007b2a80000,0x00000007b2a80000,0x00000007b3c00000)
 ParOldGen       total 87552K, used 26473K [0x0000000780000000, 0x0000000785580000, 0x00000007aab00000)
  object space 87552K, 30% used [0x0000000780000000,0x00000007819da5b8,0x0000000785580000)
 Metaspace       used 5964K, capacity 6960K, committed 7040K, reserved 1056768K
  class space    used 585K, capacity 616K, committed 640K, reserved 1048576K
}
Event: 18.158 GC heap before
{Heap before GC invocations=7 (full 0):
 PSYoungGen      total 145920K, used 145892K [0x00000007aab00000, 0x00000007b5000000, 0x00000007c0000000)
  eden space 130560K, 100% used [0x00000007aab00000,0x00000007b2a80000,0x00000007b2a80000)
  from space 15360K, 99% used [0x00000007b3c00000,0x00000007b4af9030,0x00000007b4b00000)
  to   space 17920K, 0% used [0x00000007b2a80000,0x00000007b2a80000,0x00000007b3c00000)
 ParOldGen       total 87552K, used 26473K [0x0000000780000000, 0x0000000785580000, 0x00000007aab00000)
  object space 87552K, 30% used [0x0000000780000000,0x00000007819da5b8,0x0000000785580000)
 Metaspace       used 6066K, capacity 7088K, committed 7296K, reserved 1056768K
  class space    used 585K, capacity 616K, committed 640K, reserved 1048576K
Event: 18.287 GC heap after
Heap after GC invocations=7 (full 0):
 PSYoungGen      total 148480K, used 17894K [0x00000007aab00000, 0x00000007c0000000, 0x00000007c0000000)
  eden space 130560K, 0% used [0x00000007aab00000,0x00000007aab00000,0x00000007b2a80000)
  from space 17920K, 99% used [0x00000007b2a80000,0x00000007b3bf9b80,0x00000007b3c00000)
  to   space 55296K, 0% used [0x00000007bca00000,0x00000007bca00000,0x00000007c0000000)
 ParOldGen       total 96768K, used 96312K [0x0000000780000000, 0x0000000785e80000, 0x00000007aab00000)
  object space 96768K, 99% used [0x0000000780000000,0x0000000785e0e358,0x0000000785e80000)
 Metaspace       used 6066K, capacity 7088K, committed 7296K, reserved 1056768K
  class space    used 585K, capacity 616K, committed 640K, reserved 1048576K
}
Event: 18.287 GC heap before
{Heap before GC invocations=8 (full 1):
 PSYoungGen      total 148480K, used 17894K [0x00000007aab00000, 0x00000007c0000000, 0x00000007c0000000)
  eden space 130560K, 0% used [0x00000007aab00000,0x00000007aab00000,0x00000007b2a80000)
  from space 17920K, 99% used [0x00000007b2a80000,0x00000007b3bf9b80,0x00000007b3c00000)
  to   space 55296K, 0% used [0x00000007bca00000,0x00000007bca00000,0x00000007c0000000)
 ParOldGen       total 96768K, used 96312K [0x0000000780000000, 0x0000000785e80000, 0x00000007aab00000)
  object space 96768K, 99% used [0x0000000780000000,0x0000000785e0e358,0x0000000785e80000)
 Metaspace       used 6066K, capacity 7088K, committed 7296K, reserved 1056768K
  class space    used 585K, capacity 616K, committed 640K, reserved 1048576K
Event: 20.423 GC heap after
Heap after GC invocations=8 (full 1):
 PSYoungGen      total 148480K, used 11711K [0x00000007aab00000, 0x00000007c0000000, 0x00000007c0000000)
  eden space 130560K, 0% used [0x00000007aab00000,0x00000007aab00000,0x00000007b2a80000)
  from space 17920K, 65% used [0x00000007b2a80000,0x00000007b35efd38,0x00000007b3c00000)
  to   space 55296K, 0% used [0x00000007bca00000,0x00000007bca00000,0x00000007c0000000)
 ParOldGen       total 198144K, used 96525K [0x0000000780000000, 0x000000078c180000, 0x00000007aab00000)
  object space 198144K, 48% used [0x0000000780000000,0x0000000785e43548,0x000000078c180000)
 Metaspace       used 6066K, capacity 7088K, committed 7296K, reserved 1056768K
  class space    used 585K, capacity 616K, committed 640K, reserved 1048576K
}
Event: 20.606 GC heap before
{Heap before GC invocations=9 (full 1):
 PSYoungGen      total 148480K, used 142271K [0x00000007aab00000, 0x00000007c0000000, 0x00000007c0000000)
  eden space 130560K, 100% used [0x00000007aab00000,0x00000007b2a80000,0x00000007b2a80000)
  from space 17920K, 65% used [0x00000007b2a80000,0x00000007b35efd38,0x00000007b3c00000)
  to   space 55296K, 0% used [0x00000007bca00000,0x00000007bca00000,0x00000007c0000000)
 ParOldGen       total 198144K, used 96525K [0x0000000780000000, 0x000000078c180000, 0x00000007aab00000)
  object space 198144K, 48% used [0x0000000780000000,0x0000000785e43548,0x000000078c180000)
 Metaspace       used 6075K, capacity 7088K, committed 7296K, reserved 1056768K
  class space    used 585K, capacity 616K, committed 640K, reserved 1048576K
Event: 20.915 GC heap after
Heap after GC invocations=9 (full 1):
 PSYoungGen      total 230400K, used 55264K [0x00000007aab00000, 0x00000007c0000000, 0x00000007c0000000)
  eden space 175104K, 0% used [0x00000007aab00000,0x00000007aab00000,0x00000007b5600000)
  from space 55296K, 99% used [0x00000007bca00000,0x00000007bfff8058,0x00000007c0000000)
  to   space 75776K, 0% used [0x00000007b6c00000,0x00000007b6c00000,0x00000007bb600000)
 ParOldGen       total 198144K, used 118613K [0x0000000780000000, 0x000000078c180000, 0x00000007aab00000)
  object space 198144K, 59% used [0x0000000780000000,0x00000007873d5548,0x000000078c180000)
 Metaspace       used 6075K, capacity 7088K, committed 7296K, reserved 1056768K
  class space    used 585K, capacity 616K, committed 640K, reserved 1048576K
}
Event: 22.161 GC heap before
{Heap before GC invocations=10 (full 1):
 PSYoungGen      total 230400K, used 230368K [0x00000007aab00000, 0x00000007c0000000, 0x00000007c0000000)
  eden space 175104K, 100% used [0x00000007aab00000,0x00000007b5600000,0x00000007b5600000)
  from space 55296K, 99% used [0x00000007bca00000,0x00000007bfff8058,0x00000007c0000000)
  to   space 75776K, 0% used [0x00000007b6c00000,0x00000007b6c00000,0x00000007bb600000)
 ParOldGen       total 198144K, used 118613K [0x0000000780000000, 0x000000078c180000, 0x00000007aab00000)
  object space 198144K, 59% used [0x0000000780000000,0x00000007873d5548,0x000000078c180000)
 Metaspace       used 6086K, capacity 7088K, committed 7296K, reserved 1056768K
  class space    used 586K, capacity 616K, committed 640K, reserved 1048576K
Event: 22.279 GC heap after
Heap after GC invocations=10 (full 1):
 PSYoungGen      total 273408K, used 75769K [0x00000007aab00000, 0x00000007c0000000, 0x00000007c0000000)
  eden space 197632K, 0% used [0x00000007aab00000,0x00000007aab00000,0x00000007b6c00000)
  from space 75776K, 99% used [0x00000007b6c00000,0x00000007bb5fe5f0,0x00000007bb600000)
  to   space 75776K, 0% used [0x00000007bb600000,0x00000007bb600000,0x00000007c0000000)
 ParOldGen       total 198144K, used 139944K [0x0000000780000000, 0x000000078c180000, 0x00000007aab00000)
  object space 198144K, 70% used [0x0000000780000000,0x00000007888aa268,0x000000078c180000)
 Metaspace       used 6086K, capacity 7088K, committed 7296K, reserved 1056768K
  class space    used 586K, capacity 616K, committed 640K, reserved 1048576K
}

Deoptimization events (10 events):
Event: 6.356 Thread 0x00007f844a028000 Uncommon trap: reason=unstable_if action=reinterpret pc=0x000000011bce3de0 method=java.util.HashMap.putVal(ILjava/lang/Object;Ljava/lang/Object;ZZ)Ljava/lang/Object; @ 162
Event: 6.398 Thread 0x00007f844a028000 Uncommon trap: reason=unstable_if action=reinterpret pc=0x000000011bf00b98 method=java.util.HashMap.putVal(ILjava/lang/Object;Ljava/lang/Object;ZZ)Ljava/lang/Object; @ 162
Event: 6.744 Thread 0x00007f844a802000 Uncommon trap: reason=bimorphic action=maybe_recompile pc=0x000000011bee3120 method=com.android.dx.ssa.LiteralOpUpgrader.tryReplacingWithConstant(Lcom/android/dx/ssa/NormalSsaInsn;)Z @ 62
Event: 21.736 Thread 0x00007f844a84c800 Uncommon trap: reason=unstable_if action=reinterpret pc=0x000000011bd802a8 method=com.android.dx.ssa.SetFactory.makeLivenessSet(I)Lcom/android/dx/util/IntSet; @ 4
Event: 21.744 Thread 0x00007f844a84c800 Uncommon trap: reason=class_check action=maybe_recompile pc=0x000000011bcdef8c method=com.android.dx.ssa.back.InterferenceGraph.add(II)V @ 19
Event: 21.744 Thread 0x00007f844a84c800 Uncommon trap: reason=class_check action=maybe_recompile pc=0x000000011bcdef8c method=com.android.dx.ssa.back.InterferenceGraph.add(II)V @ 19
Event: 21.744 Thread 0x00007f844a84c800 Uncommon trap: reason=class_check action=maybe_recompile pc=0x000000011bcdef8c method=com.android.dx.ssa.back.InterferenceGraph.add(II)V @ 19
Event: 21.744 Thread 0x00007f844a84c800 Uncommon trap: reason=class_check action=maybe_recompile pc=0x000000011bcdef8c method=com.android.dx.ssa.back.InterferenceGraph.add(II)V @ 19
Event: 23.010 Thread 0x00007f844b83f800 Uncommon trap: reason=unstable_if action=reinterpret pc=0x000000011c08fae8 method=com.android.dx.cf.code.ByteCatchList.typeNotFound(Lcom/android/dx/cf/code/ByteCatchList$Item;[Lcom/android/dx/cf/code/ByteCatchList$Item;I)Z @ 34
Event: 23.014 Thread 0x00007f844b83f800 Uncommon trap: reason=class_check action=maybe_recompile pc=0x000000011c0e0ac8 method=com.android.dx.cf.code.RopperMachine.run(Lcom/android/dx/cf/code/Frame;II)V @ 1024

Internal exceptions (5 events):
Event: 0.043 Thread 0x00007f844a802000 Exception <a 'java/lang/NoSuchMethodError': Method sun.misc.Unsafe.defineClass(Ljava/lang/String;[BII)Ljava/lang/Class; name or signature does not match> (0x00000007aab07c78) thrown at [/Volumes/Android_AOSP/AOSP-openjdk/external/jetbrains/jdk/hotspot/src
Event: 0.043 Thread 0x00007f844a802000 Exception <a 'java/lang/NoSuchMethodError': Method sun.misc.Unsafe.prefetchRead(Ljava/lang/Object;J)V name or signature does not match> (0x00000007aab07f60) thrown at [/Volumes/Android_AOSP/AOSP-openjdk/external/jetbrains/jdk/hotspot/src/share/vm/prims/jn
Event: 6.357 Thread 0x00007f844a028000 Exception <a 'java/lang/ArrayIndexOutOfBoundsException': 18> (0x00000007adc5c430) thrown at [/Volumes/Android_AOSP/AOSP-openjdk/external/jetbrains/jdk/hotspot/src/share/vm/interpreter/interpreterRuntime.cpp, line 366]
Event: 6.358 Thread 0x00007f844a028000 Exception <a 'java/lang/ArrayIndexOutOfBoundsException': 145> (0x00000007adc5dfb0) thrown at [/Volumes/Android_AOSP/AOSP-openjdk/external/jetbrains/jdk/hotspot/src/share/vm/interpreter/interpreterRuntime.cpp, line 366]
Event: 6.359 Thread 0x00007f844a028000 Exception <a 'java/lang/ArrayIndexOutOfBoundsException': 40> (0x00000007adc5f298) thrown at [/Volumes/Android_AOSP/AOSP-openjdk/external/jetbrains/jdk/hotspot/src/share/vm/interpreter/interpreterRuntime.cpp, line 366]

Events (10 events):
Event: 28.926 Thread 0x00007f844a84c800 DEOPT PACKING pc=0x000000011bcbf9bd sp=0x0000700008815f40
Event: 28.926 Thread 0x00007f844a84c800 DEOPT UNPACKING pc=0x000000011baaf373 sp=0x0000700008815cc8 mode 0
Event: 28.926 Thread 0x00007f844a960000 DEOPT PACKING pc=0x000000011bcbf9bd sp=0x0000700008a1bf40
Event: 28.926 Thread 0x00007f844a960000 DEOPT UNPACKING pc=0x000000011baaf373 sp=0x0000700008a1bcc8 mode 0
Event: 28.927 Thread 0x00007f844a960000 DEOPT PACKING pc=0x000000011bcbf9bd sp=0x0000700008a1bf40
Event: 28.927 Thread 0x00007f844a960000 DEOPT UNPACKING pc=0x000000011baaf373 sp=0x0000700008a1bcc8 mode 0
Event: 28.928 Thread 0x00007f844a960000 DEOPT PACKING pc=0x000000011bcbf9bd sp=0x0000700008a1bf40
Event: 28.928 Thread 0x00007f844a960000 DEOPT UNPACKING pc=0x000000011baaf373 sp=0x0000700008a1bcc8 mode 0
Event: 28.928 Thread 0x00007f844a960000 DEOPT PACKING pc=0x000000011bcbf9bd sp=0x0000700008a1bf40
Event: 28.928 Thread 0x00007f844a960000 DEOPT UNPACKING pc=0x000000011baaf373 sp=0x0000700008a1bcc8 mode 0


Dynamic libraries:
0x0000000017976000 	/System/Library/Frameworks/Cocoa.framework/Versions/A/Cocoa
0x0000000017976000 	/System/Library/Frameworks/Security.framework/Versions/A/Security
0x0000000017976000 	/System/Library/Frameworks/ApplicationServices.framework/Versions/A/ApplicationServices
0x0000000017976000 	/usr/lib/libz.1.dylib
0x0000000017976000 	/usr/lib/libSystem.B.dylib
0x0000000017976000 	/usr/lib/libobjc.A.dylib
0x0000000017976000 	/System/Library/Frameworks/Foundation.framework/Versions/C/Foundation
0x0000000017976000 	/System/Library/Frameworks/CoreFoundation.framework/Versions/A/CoreFoundation
0x0000000017976000 	/System/Library/Frameworks/AppKit.framework/Versions/C/AppKit
0x0000000017976000 	/System/Library/Frameworks/CoreData.framework/Versions/A/CoreData
0x0000000017976000 	/System/Library/PrivateFrameworks/RemoteViewServices.framework/Versions/A/RemoteViewServices
0x0000000017976000 	/System/Library/PrivateFrameworks/UIFoundation.framework/Versions/A/UIFoundation
0x0000000017976000 	/System/Library/PrivateFrameworks/DFRFoundation.framework/Versions/A/DFRFoundation
0x0000000017976000 	/usr/lib/libenergytrace.dylib
0x0000000017976000 	/System/Library/PrivateFrameworks/SkyLight.framework/Versions/A/SkyLight
0x0000000017976000 	/System/Library/Frameworks/CoreGraphics.framework/Versions/A/CoreGraphics
0x0000000017976000 	/usr/lib/libScreenReader.dylib
0x0000000017976000 	/System/Library/Frameworks/Accelerate.framework/Versions/A/Accelerate
0x0000000017976000 	/System/Library/Frameworks/IOSurface.framework/Versions/A/IOSurface
0x0000000017976000 	/System/Library/Frameworks/AudioToolbox.framework/Versions/A/AudioToolbox
0x0000000017976000 	/System/Library/Frameworks/AudioUnit.framework/Versions/A/AudioUnit
0x0000000017976000 	/System/Library/PrivateFrameworks/DataDetectorsCore.framework/Versions/A/DataDetectorsCore
0x0000000017976000 	/System/Library/PrivateFrameworks/DesktopServicesPriv.framework/Versions/A/DesktopServicesPriv
0x0000000017976000 	/System/Library/Frameworks/Carbon.framework/Versions/A/Frameworks/HIToolbox.framework/Versions/A/HIToolbox
0x0000000017976000 	/usr/lib/libicucore.A.dylib
0x0000000017976000 	/System/Library/Frameworks/QuartzCore.framework/Versions/A/QuartzCore
0x0000000017976000 	/System/Library/Frameworks/Carbon.framework/Versions/A/Frameworks/SpeechRecognition.framework/Versions/A/SpeechRecognition
0x0000000017976000 	/usr/lib/libauto.dylib
0x0000000017976000 	/usr/lib/libxml2.2.dylib
0x0000000017976000 	/System/Library/PrivateFrameworks/CoreUI.framework/Versions/A/CoreUI
0x0000000017976000 	/System/Library/Frameworks/CoreAudio.framework/Versions/A/CoreAudio
0x0000000017976000 	/System/Library/Frameworks/DiskArbitration.framework/Versions/A/DiskArbitration
0x0000000017976000 	/usr/lib/liblangid.dylib
0x0000000017976000 	/System/Library/PrivateFrameworks/MultitouchSupport.framework/Versions/A/MultitouchSupport
0x0000000017976000 	/System/Library/Frameworks/IOKit.framework/Versions/A/IOKit
0x0000000017976000 	/usr/lib/libDiagnosticMessagesClient.dylib
0x0000000017976000 	/System/Library/Frameworks/CoreServices.framework/Versions/A/CoreServices
0x0000000017976000 	/System/Library/PrivateFrameworks/PerformanceAnalysis.framework/Versions/A/PerformanceAnalysis
0x0000000017976000 	/System/Library/PrivateFrameworks/GenerationalStorage.framework/Versions/A/GenerationalStorage
0x0000000017976000 	/System/Library/Frameworks/OpenGL.framework/Versions/A/OpenGL
0x0000000017976000 	/System/Library/Frameworks/CoreImage.framework/Versions/A/CoreImage
0x0000000017976000 	/System/Library/Frameworks/CoreText.framework/Versions/A/CoreText
0x0000000017976000 	/System/Library/Frameworks/ImageIO.framework/Versions/A/ImageIO
0x0000000017976000 	/System/Library/PrivateFrameworks/Backup.framework/Versions/A/Backup
0x0000000017976000 	/usr/lib/libarchive.2.dylib
0x0000000017976000 	/System/Library/Frameworks/CFNetwork.framework/Versions/A/CFNetwork
0x0000000017976000 	/System/Library/Frameworks/SystemConfiguration.framework/Versions/A/SystemConfiguration
0x0000000017976000 	/usr/lib/libCRFSuite.dylib
0x0000000017976000 	/usr/lib/libc++.1.dylib
0x0000000017976000 	/usr/lib/libc++abi.dylib
0x0000000017976000 	/usr/lib/system/libcache.dylib
0x0000000017976000 	/usr/lib/system/libcommonCrypto.dylib
0x0000000017976000 	/usr/lib/system/libcompiler_rt.dylib
0x0000000017976000 	/usr/lib/system/libcopyfile.dylib
0x0000000017976000 	/usr/lib/system/libcorecrypto.dylib
0x0000000017976000 	/usr/lib/system/libdispatch.dylib
0x0000000017976000 	/usr/lib/system/libdyld.dylib
0x0000000017976000 	/usr/lib/system/libkeymgr.dylib
0x0000000017976000 	/usr/lib/system/liblaunch.dylib
0x0000000017976000 	/usr/lib/system/libmacho.dylib
0x0000000017976000 	/usr/lib/system/libquarantine.dylib
0x0000000017976000 	/usr/lib/system/libremovefile.dylib
0x0000000017976000 	/usr/lib/system/libsystem_asl.dylib
0x0000000017976000 	/usr/lib/system/libsystem_blocks.dylib
0x0000000017976000 	/usr/lib/system/libsystem_c.dylib
0x0000000017976000 	/usr/lib/system/libsystem_configuration.dylib
0x0000000017976000 	/usr/lib/system/libsystem_coreservices.dylib
0x0000000017976000 	/usr/lib/system/libsystem_coretls.dylib
0x0000000017976000 	/usr/lib/system/libsystem_dnssd.dylib
0x0000000017976000 	/usr/lib/system/libsystem_info.dylib
0x0000000017976000 	/usr/lib/system/libsystem_kernel.dylib
0x0000000017976000 	/usr/lib/system/libsystem_m.dylib
0x0000000017976000 	/usr/lib/system/libsystem_malloc.dylib
0x0000000017976000 	/usr/lib/system/libsystem_network.dylib
0x0000000017976000 	/usr/lib/system/libsystem_networkextension.dylib
0x0000000017976000 	/usr/lib/system/libsystem_notify.dylib
0x0000000017976000 	/usr/lib/system/libsystem_platform.dylib
0x0000000017976000 	/usr/lib/system/libsystem_pthread.dylib
0x0000000017976000 	/usr/lib/system/libsystem_sandbox.dylib
0x0000000017976000 	/usr/lib/system/libsystem_secinit.dylib
0x0000000017976000 	/usr/lib/system/libsystem_symptoms.dylib
0x0000000017976000 	/usr/lib/system/libsystem_trace.dylib
0x0000000017976000 	/usr/lib/system/libunwind.dylib
0x0000000017976000 	/usr/lib/system/libxpc.dylib
0x0000000017976000 	/usr/lib/libbsm.0.dylib
0x0000000017976000 	/usr/lib/system/libkxld.dylib
0x0000000017976000 	/usr/lib/libcoretls.dylib
0x0000000017976000 	/usr/lib/libcoretls_cfhelpers.dylib
0x0000000017976000 	/usr/lib/libxar.1.dylib
0x0000000017976000 	/usr/lib/libsqlite3.dylib
0x0000000017976000 	/usr/lib/libpam.2.dylib
0x0000000017976000 	/usr/lib/libOpenScriptingUtil.dylib
0x0000000017976000 	/usr/lib/libbz2.1.0.dylib
0x0000000017976000 	/usr/lib/liblzma.5.dylib
0x0000000017976000 	/usr/lib/libnetwork.dylib
0x0000000017976000 	/usr/lib/libpcap.A.dylib
0x0000000017976000 	/System/Library/Frameworks/CoreServices.framework/Versions/A/Frameworks/FSEvents.framework/Versions/A/FSEvents
0x0000000017976000 	/System/Library/Frameworks/CoreServices.framework/Versions/A/Frameworks/CarbonCore.framework/Versions/A/CarbonCore
0x0000000017976000 	/System/Library/Frameworks/CoreServices.framework/Versions/A/Frameworks/Metadata.framework/Versions/A/Metadata
0x0000000017976000 	/System/Library/Frameworks/CoreServices.framework/Versions/A/Frameworks/OSServices.framework/Versions/A/OSServices
0x0000000017976000 	/System/Library/Frameworks/CoreServices.framework/Versions/A/Frameworks/SearchKit.framework/Versions/A/SearchKit
0x0000000017976000 	/System/Library/Frameworks/CoreServices.framework/Versions/A/Frameworks/AE.framework/Versions/A/AE
0x0000000017976000 	/System/Library/Frameworks/CoreServices.framework/Versions/A/Frameworks/LaunchServices.framework/Versions/A/LaunchServices
0x0000000017976000 	/System/Library/Frameworks/CoreServices.framework/Versions/A/Frameworks/DictionaryServices.framework/Versions/A/DictionaryServices
0x0000000017976000 	/System/Library/Frameworks/CoreServices.framework/Versions/A/Frameworks/SharedFileList.framework/Versions/A/SharedFileList
0x0000000017976000 	/System/Library/Frameworks/NetFS.framework/Versions/A/NetFS
0x0000000017976000 	/System/Library/PrivateFrameworks/NetAuth.framework/Versions/A/NetAuth
0x0000000017976000 	/System/Library/PrivateFrameworks/login.framework/Versions/A/Frameworks/loginsupport.framework/Versions/A/loginsupport
0x0000000017976000 	/System/Library/PrivateFrameworks/TCC.framework/Versions/A/TCC
0x0000000017976000 	/usr/lib/libmecabra.dylib
0x0000000017976000 	/System/Library/Frameworks/ApplicationServices.framework/Versions/A/Frameworks/ATS.framework/Versions/A/ATS
0x0000000017976000 	/System/Library/Frameworks/ApplicationServices.framework/Versions/A/Frameworks/ColorSync.framework/Versions/A/ColorSync
0x0000000017976000 	/System/Library/Frameworks/ApplicationServices.framework/Versions/A/Frameworks/HIServices.framework/Versions/A/HIServices
0x0000000017976000 	/System/Library/Frameworks/ApplicationServices.framework/Versions/A/Frameworks/LangAnalysis.framework/Versions/A/LangAnalysis
0x0000000017976000 	/System/Library/Frameworks/ApplicationServices.framework/Versions/A/Frameworks/PrintCore.framework/Versions/A/PrintCore
0x0000000017976000 	/System/Library/Frameworks/ApplicationServices.framework/Versions/A/Frameworks/QD.framework/Versions/A/QD
0x0000000017976000 	/System/Library/Frameworks/ApplicationServices.framework/Versions/A/Frameworks/SpeechSynthesis.framework/Versions/A/SpeechSynthesis
0x0000000017976000 	/System/Library/Frameworks/Accelerate.framework/Versions/A/Frameworks/vImage.framework/Versions/A/vImage
0x0000000017976000 	/System/Library/Frameworks/Accelerate.framework/Versions/A/Frameworks/vecLib.framework/Versions/A/vecLib
0x0000000017976000 	/System/Library/Frameworks/Accelerate.framework/Versions/A/Frameworks/vecLib.framework/Versions/A/libvDSP.dylib
0x0000000017976000 	/System/Library/Frameworks/Accelerate.framework/Versions/A/Frameworks/vecLib.framework/Versions/A/libBNNS.dylib
0x0000000017976000 	/System/Library/Frameworks/Accelerate.framework/Versions/A/Frameworks/vecLib.framework/Versions/A/libQuadrature.dylib
0x0000000017976000 	/System/Library/Frameworks/Accelerate.framework/Versions/A/Frameworks/vecLib.framework/Versions/A/libvMisc.dylib
0x0000000017976000 	/System/Library/Frameworks/Accelerate.framework/Versions/A/Frameworks/vecLib.framework/Versions/A/libLAPACK.dylib
0x0000000017976000 	/System/Library/Frameworks/Accelerate.framework/Versions/A/Frameworks/vecLib.framework/Versions/A/libBLAS.dylib
0x0000000017976000 	/System/Library/Frameworks/Accelerate.framework/Versions/A/Frameworks/vecLib.framework/Versions/A/libLinearAlgebra.dylib
0x0000000017976000 	/System/Library/Frameworks/Accelerate.framework/Versions/A/Frameworks/vecLib.framework/Versions/A/libSparseBLAS.dylib
0x0000000017976000 	/System/Library/Frameworks/ApplicationServices.framework/Versions/A/Frameworks/ATS.framework/Versions/A/Resources/libFontParser.dylib
0x0000000017976000 	/System/Library/Frameworks/ApplicationServices.framework/Versions/A/Frameworks/ATS.framework/Versions/A/Resources/libFontRegistry.dylib
0x0000000017976000 	/System/Library/Frameworks/ImageIO.framework/Versions/A/Resources/libJPEG.dylib
0x0000000017976000 	/System/Library/Frameworks/ImageIO.framework/Versions/A/Resources/libTIFF.dylib
0x0000000017976000 	/System/Library/Frameworks/ImageIO.framework/Versions/A/Resources/libPng.dylib
0x0000000017976000 	/System/Library/Frameworks/ImageIO.framework/Versions/A/Resources/libGIF.dylib
0x0000000017976000 	/System/Library/Frameworks/ImageIO.framework/Versions/A/Resources/libJP2.dylib
0x0000000017976000 	/System/Library/Frameworks/ImageIO.framework/Versions/A/Resources/libRadiance.dylib
0x0000000017976000 	/usr/lib/libcompression.dylib
0x0000000017976000 	/System/Library/PrivateFrameworks/AppleJPEG.framework/Versions/A/AppleJPEG
0x0000000017976000 	/usr/lib/libcups.2.dylib
0x0000000017976000 	/System/Library/Frameworks/Kerberos.framework/Versions/A/Kerberos
0x0000000017976000 	/System/Library/Frameworks/GSS.framework/Versions/A/GSS
0x0000000017976000 	/usr/lib/libresolv.9.dylib
0x0000000017976000 	/usr/lib/libiconv.2.dylib
0x0000000017976000 	/System/Library/PrivateFrameworks/Heimdal.framework/Versions/A/Heimdal
0x0000000017976000 	/usr/lib/libheimdal-asn1.dylib
0x0000000017976000 	/System/Library/Frameworks/OpenDirectory.framework/Versions/A/OpenDirectory
0x0000000017976000 	/System/Library/PrivateFrameworks/CommonAuth.framework/Versions/A/CommonAuth
0x0000000017976000 	/System/Library/Frameworks/OpenDirectory.framework/Versions/A/Frameworks/CFOpenDirectory.framework/Versions/A/CFOpenDirectory
0x0000000017976000 	/System/Library/Frameworks/SecurityFoundation.framework/Versions/A/SecurityFoundation
0x0000000017976000 	/System/Library/PrivateFrameworks/LanguageModeling.framework/Versions/A/LanguageModeling
0x0000000017976000 	/usr/lib/libmarisa.dylib
0x0000000017976000 	/usr/lib/libChineseTokenizer.dylib
0x0000000017976000 	/usr/lib/libcmph.dylib
0x0000000017976000 	/System/Library/PrivateFrameworks/CoreEmoji.framework/Versions/A/CoreEmoji
0x0000000017976000 	/System/Library/Frameworks/ServiceManagement.framework/Versions/A/ServiceManagement
0x0000000017976000 	/usr/lib/libxslt.1.dylib
0x0000000017976000 	/System/Library/Frameworks/Carbon.framework/Versions/A/Frameworks/Ink.framework/Versions/A/Ink
0x0000000017976000 	/System/Library/PrivateFrameworks/TextureIO.framework/Versions/A/TextureIO
0x0000000017976000 	/System/Library/Frameworks/Metal.framework/Versions/A/Metal
0x0000000017976000 	/usr/lib/libate.dylib
0x0000000017976000 	/System/Library/PrivateFrameworks/GPUCompiler.framework/libmetal_timestamp.dylib
0x0000000017976000 	/System/Library/Frameworks/OpenGL.framework/Versions/A/Libraries/libCoreFSCache.dylib
0x0000000017976000 	/System/Library/PrivateFrameworks/IOAccelerator.framework/Versions/A/IOAccelerator
0x0000000017976000 	/System/Library/Frameworks/CoreVideo.framework/Versions/A/CoreVideo
0x0000000017976000 	/usr/lib/libFosl_dynamic.dylib
0x0000000017976000 	/System/Library/PrivateFrameworks/MetalPerformanceShaders.framework/Versions/A/MetalPerformanceShaders
0x0000000017976000 	/System/Library/PrivateFrameworks/FaceCore.framework/Versions/A/FaceCore
0x0000000017976000 	/System/Library/Frameworks/OpenCL.framework/Versions/A/OpenCL
0x0000000017976000 	/System/Library/Frameworks/OpenGL.framework/Versions/A/Libraries/libGLU.dylib
0x0000000017976000 	/System/Library/Frameworks/OpenGL.framework/Versions/A/Libraries/libGFXShared.dylib
0x0000000017976000 	/System/Library/Frameworks/OpenGL.framework/Versions/A/Libraries/libGL.dylib
0x0000000017976000 	/System/Library/Frameworks/OpenGL.framework/Versions/A/Libraries/libGLImage.dylib
0x0000000017976000 	/System/Library/Frameworks/OpenGL.framework/Versions/A/Libraries/libCVMSPluginSupport.dylib
0x0000000017976000 	/System/Library/Frameworks/OpenGL.framework/Versions/A/Libraries/libCoreVMClient.dylib
0x0000000017976000 	/System/Library/PrivateFrameworks/CrashReporterSupport.framework/Versions/A/CrashReporterSupport
0x0000000017976000 	/System/Library/PrivateFrameworks/Sharing.framework/Versions/A/Sharing
0x0000000017976000 	/System/Library/PrivateFrameworks/IconServices.framework/Versions/A/IconServices
0x0000000017976000 	/System/Library/PrivateFrameworks/ProtocolBuffer.framework/Versions/A/ProtocolBuffer
0x0000000017976000 	/System/Library/PrivateFrameworks/Apple80211.framework/Versions/A/Apple80211
0x0000000017976000 	/System/Library/Frameworks/CoreWLAN.framework/Versions/A/CoreWLAN
0x0000000017976000 	/System/Library/PrivateFrameworks/CoreUtils.framework/Versions/A/CoreUtils
0x0000000017976000 	/System/Library/Frameworks/IOBluetooth.framework/Versions/A/IOBluetooth
0x0000000017976000 	/System/Library/PrivateFrameworks/CoreWiFi.framework/Versions/A/CoreWiFi
0x0000000017976000 	/System/Library/Frameworks/CoreBluetooth.framework/Versions/A/CoreBluetooth
0x0000000017976000 	/System/Library/Frameworks/CoreDisplay.framework/Versions/A/CoreDisplay
0x0000000017976000 	/System/Library/PrivateFrameworks/IOPresentment.framework/Versions/A/IOPresentment
0x0000000017976000 	/System/Library/PrivateFrameworks/DebugSymbols.framework/Versions/A/DebugSymbols
0x0000000017976000 	/System/Library/PrivateFrameworks/CoreSymbolication.framework/Versions/A/CoreSymbolication
0x0000000017976000 	/System/Library/PrivateFrameworks/Symbolication.framework/Versions/A/Symbolication
0x0000000017976000 	/System/Library/PrivateFrameworks/AppleFSCompression.framework/Versions/A/AppleFSCompression
0x0000000017976000 	/System/Library/PrivateFrameworks/SpeechRecognitionCore.framework/Versions/A/SpeechRecognitionCore
0x0000000017976000 	/System/Library/PrivateFrameworks/ChunkingLibrary.framework/Versions/A/ChunkingLibrary
0x000000010f400000 	/Applications/Android Studio.app/Contents/jre/jdk/Contents/Home/jre/lib/server/libjvm.dylib
0x0000000017976000 	/usr/lib/libstdc++.6.dylib
0x000000010eb06000 	/Applications/Android Studio.app/Contents/jre/jdk/Contents/Home/jre/lib/libverify.dylib
0x000000010eb13000 	/Applications/Android Studio.app/Contents/jre/jdk/Contents/Home/jre/lib/libjava.dylib
0x000000010eb52000 	/Applications/Android Studio.app/Contents/jre/jdk/Contents/Home/jre/lib/libzip.dylib
0x000000011424e000 	/System/Library/Frameworks/JavaVM.framework/Frameworks/JavaRuntimeSupport.framework/JavaRuntimeSupport
0x0000000114268000 	/System/Library/Frameworks/JavaVM.framework/Versions/A/Frameworks/JavaNativeFoundation.framework/Versions/A/JavaNativeFoundation
0x000000010ebf3000 	/System/Library/Frameworks/JavaVM.framework/Versions/A/JavaVM
0x0000000017976000 	/System/Library/Frameworks/Carbon.framework/Versions/A/Carbon
0x000000011427d000 	/System/Library/PrivateFrameworks/JavaLaunching.framework/Versions/A/JavaLaunching
0x0000000017976000 	/System/Library/Frameworks/Carbon.framework/Versions/A/Frameworks/CommonPanels.framework/Versions/A/CommonPanels
0x0000000017976000 	/System/Library/Frameworks/Carbon.framework/Versions/A/Frameworks/Help.framework/Versions/A/Help
0x0000000017976000 	/System/Library/Frameworks/Carbon.framework/Versions/A/Frameworks/ImageCapture.framework/Versions/A/ImageCapture
0x0000000017976000 	/System/Library/Frameworks/Carbon.framework/Versions/A/Frameworks/OpenScripting.framework/Versions/A/OpenScripting
0x0000000017976000 	/System/Library/Frameworks/Carbon.framework/Versions/A/Frameworks/Print.framework/Versions/A/Print
0x0000000017976000 	/System/Library/Frameworks/Carbon.framework/Versions/A/Frameworks/SecurityHI.framework/Versions/A/SecurityHI

VM Arguments:
jvm_args: -Djava.awt.headless=true -Xmx1024M -Dfile.encoding=UTF-8 -Duser.country=US -Duser.language=en -Duser.variant 
java_command: com.android.dx.command.Main --dex --force-jumbo --num-threads=4 --multi-dex --output /Users/mac/Documents/Hicom/marketplace/app/build/intermediates/transforms/dex/debug/folders/1000/10/com.google.android.gms-play-services-analytics-7.5.0_307a33e7a6dfce61143f8d544ed4cad7f5caa868 /Users/mac/Documents/Hicom/marketplace/app/build/intermediates/exploded-aar/com.google.android.gms/play-services-analytics/7.5.0/jars/classes.jar
java_class_path (initial): /Users/mac/Library/Android/sdk/build-tools/23.0.1/lib/dx.jar
Launcher Type: SUN_STANDARD

Environment Variables:
PATH=/usr/bin:/bin:/usr/sbin:/sbin
SHELL=/bin/bash

Signal Handlers:
SIGSEGV: [libjvm.dylib+0x57e9cd], sa_mask[0]=11111111011111110111111111111111, sa_flags=SA_ONSTACK|SA_RESTART|SA_SIGINFO
SIGBUS: [libjvm.dylib+0x57e9cd], sa_mask[0]=11111111011111110111111111111111, sa_flags=SA_RESTART|SA_SIGINFO
SIGFPE: [libjvm.dylib+0x45951c], sa_mask[0]=11111111011111110111111111111111, sa_flags=SA_RESTART|SA_SIGINFO
SIGPIPE: [libjvm.dylib+0x45951c], sa_mask[0]=11111111011111110111111111111111, sa_flags=SA_RESTART|SA_SIGINFO
SIGXFSZ: [libjvm.dylib+0x45951c], sa_mask[0]=11111111011111110111111111111111, sa_flags=SA_RESTART|SA_SIGINFO
SIGILL: [libjvm.dylib+0x45951c], sa_mask[0]=11111111011111110111111111111111, sa_flags=SA_RESTART|SA_SIGINFO
SIGUSR1: SIG_DFL, sa_mask[0]=00000000000000000000000000000000, sa_flags=none
SIGUSR2: [libjvm.dylib+0x45903a], sa_mask[0]=00100000000000000000000000000000, sa_flags=SA_RESTART|SA_SIGINFO
SIGHUP: [libjvm.dylib+0x457611], sa_mask[0]=11111111011111110111111111111111, sa_flags=SA_RESTART|SA_SIGINFO
SIGINT: [libjvm.dylib+0x457611], sa_mask[0]=11111111011111110111111111111111, sa_flags=SA_RESTART|SA_SIGINFO
SIGTERM: [libjvm.dylib+0x457611], sa_mask[0]=11111111011111110111111111111111, sa_flags=SA_RESTART|SA_SIGINFO
SIGQUIT: [libjvm.dylib+0x457611], sa_mask[0]=11111111011111110111111111111111, sa_flags=SA_RESTART|SA_SIGINFO


---------------  S Y S T E M  ---------------

OS:Bsduname:Darwin 16.3.0 Darwin Kernel Version 16.3.0: Thu Nov 17 20:23:58 PST 2016; root:xnu-3789.31.2~1/RELEASE_X86_64 x86_64
rlimit: STACK 8192k, CORE 0k, NPROC 709, NOFILE 10240, AS infinity
load average:36.85 14.34 7.56

CPU:total 4 (2 cores per cpu, 2 threads per core) family 6 model 42 stepping 7, cmov, cx8, fxsr, mmx, sse, sse2, sse3, ssse3, sse4.1, sse4.2, popcnt, avx, aes, clmul, ht, tsc, tscinvbit

Memory: 4k page, physical 8388608k(445280k free)

/proc/meminfo:


vm_info: OpenJDK 64-Bit Server VM (25.112-b05) for bsd-amd64 JRE (1.8.0_112-release-b05), built on Sep 26 2016 14:04:06 by "builder" with gcc 4.2.1 (Based on Apple Inc. build 5658) (LLVM build 2336.11.00)

time: Sat Feb 25 18:13:35 2017
elapsed time: 28 seconds (0d 0h 0m 28s)

